
Status: FAILED!
Test: The `IncomingPhoneCall` class implements the `PhoneCall` class's abstract methods.
Reason: Unable to locate the following method:  IncomingPhoneCall.getInfo()
Error : class java.lang.NoSuchMethodException
- - - - - - - - - -

Status: FAILED!
Test: The `IncomingPhoneCall` class sets the `price` to 2 cents.
Reason: Unable to locate the following data field:  price
Error : class java.lang.NoSuchFieldException
- - - - - - - - - -

Status: FAILED!
Test: The `IncomingPhoneCall` class extends the `PhoneCall` class.
Reason: The `IncomingPhoneCall` class should extend the `PhoneCall` class.
Error : class java.lang.AssertionError
- - - - - - - - - -
