
Status: FAILED!
Test: The `MathTest` program prints the ceiling of 22.8 to the console.
Reason: null
Error : class java.util.NoSuchElementException
- - - - - - - - - -

Status: FAILED!
Test: The `MathTest` program prints the floor of 22.8 to the console.
Reason: null
Error : class java.util.NoSuchElementException
- - - - - - - - - -
