
Status: FAILED!
Test: TestMonthHandling adds 1 month to a date and the end of the year.
Reason: null
Error : class java.util.NoSuchElementException
- - - - - - - - - -

Status: FAILED!
Test: TestMonthHandling adds 2 month to a date and the end of the year.
Reason: null
Error : class java.util.NoSuchElementException
- - - - - - - - - -
