
Status: FAILED!
Test: The program accepts the vote totals for three parties and displays the percent of the total each party received.
Reason: No line found
Error : class java.util.NoSuchElementException
- - - - - - - - - -

Status: FAILED!
Test: The program accepts the vote totals for three parties and displays the percent of the total each party received.
Reason: No line found
Error : class java.util.NoSuchElementException
- - - - - - - - - -
